{"/Users/shailpa/Documents/github/systemT/src/levelLoader.js": {"path":"/Users/shailpa/Documents/github/systemT/src/levelLoader.js","statementMap":{"0":{"start":{"line":2,"column":17},"end":{"line":6,"column":1}},"1":{"start":{"line":9,"column":18},"end":{"line":9,"column":48}},"2":{"start":{"line":14,"column":8},"end":{"line":14,"column":26}},"3":{"start":{"line":15,"column":8},"end":{"line":15,"column":31}},"4":{"start":{"line":16,"column":8},"end":{"line":16,"column":32}},"5":{"start":{"line":17,"column":8},"end":{"line":17,"column":29}},"6":{"start":{"line":21,"column":18},"end":{"line":21,"column":51}},"7":{"start":{"line":23,"column":8},"end":{"line":24,"column":19}},"8":{"start":{"line":24,"column":12},"end":{"line":24,"column":19}},"9":{"start":{"line":26,"column":8},"end":{"line":31,"column":9}},"10":{"start":{"line":26,"column":20},"end":{"line":26,"column":21}},"11":{"start":{"line":27,"column":22},"end":{"line":27,"column":56}},"12":{"start":{"line":28,"column":12},"end":{"line":28,"column":48}},"13":{"start":{"line":29,"column":12},"end":{"line":29,"column":70}},"14":{"start":{"line":30,"column":12},"end":{"line":30,"column":35}},"15":{"start":{"line":36,"column":8},"end":{"line":36,"column":33}},"16":{"start":{"line":37,"column":8},"end":{"line":37,"column":28}},"17":{"start":{"line":38,"column":18},"end":{"line":38,"column":33}},"18":{"start":{"line":40,"column":8},"end":{"line":44,"column":9}},"19":{"start":{"line":41,"column":12},"end":{"line":41,"column":45}},"20":{"start":{"line":42,"column":12},"end":{"line":42,"column":35}},"21":{"start":{"line":43,"column":12},"end":{"line":43,"column":41}},"22":{"start":{"line":46,"column":8},"end":{"line":54,"column":9}},"23":{"start":{"line":47,"column":12},"end":{"line":47,"column":49}},"24":{"start":{"line":49,"column":23},"end":{"line":49,"column":72}},"25":{"start":{"line":50,"column":12},"end":{"line":50,"column":38}},"26":{"start":{"line":52,"column":12},"end":{"line":52,"column":41}},"27":{"start":{"line":53,"column":12},"end":{"line":53,"column":35}},"28":{"start":{"line":59,"column":8},"end":{"line":59,"column":19}},"29":{"start":{"line":64,"column":18},"end":{"line":64,"column":33}},"30":{"start":{"line":65,"column":25},"end":{"line":65,"column":27}},"31":{"start":{"line":67,"column":8},"end":{"line":68,"column":47}},"32":{"start":{"line":67,"column":22},"end":{"line":67,"column":34}},"33":{"start":{"line":68,"column":12},"end":{"line":68,"column":47}},"34":{"start":{"line":70,"column":8},"end":{"line":70,"column":38}},"35":{"start":{"line":71,"column":8},"end":{"line":71,"column":51}},"36":{"start":{"line":72,"column":8},"end":{"line":72,"column":45}},"37":{"start":{"line":78,"column":14},"end":{"line":78,"column":16}},"38":{"start":{"line":79,"column":14},"end":{"line":79,"column":16}},"39":{"start":{"line":80,"column":16},"end":{"line":80,"column":18}},"40":{"start":{"line":81,"column":4},"end":{"line":92,"column":5}},"41":{"start":{"line":81,"column":18},"end":{"line":81,"column":19}},"42":{"start":{"line":82,"column":19},"end":{"line":82,"column":32}},"43":{"start":{"line":83,"column":8},"end":{"line":91,"column":9}},"44":{"start":{"line":84,"column":12},"end":{"line":84,"column":31}},"45":{"start":{"line":86,"column":12},"end":{"line":86,"column":50}},"46":{"start":{"line":87,"column":14},"end":{"line":91,"column":9}},"47":{"start":{"line":88,"column":12},"end":{"line":88,"column":33}},"48":{"start":{"line":89,"column":14},"end":{"line":91,"column":9}},"49":{"start":{"line":90,"column":12},"end":{"line":90,"column":33}},"50":{"start":{"line":94,"column":21},"end":{"line":94,"column":22}},"51":{"start":{"line":95,"column":4},"end":{"line":102,"column":5}},"52":{"start":{"line":95,"column":18},"end":{"line":95,"column":19}},"53":{"start":{"line":96,"column":8},"end":{"line":101,"column":9}},"54":{"start":{"line":97,"column":12},"end":{"line":97,"column":62}},"55":{"start":{"line":98,"column":12},"end":{"line":98,"column":26}},"56":{"start":{"line":99,"column":14},"end":{"line":101,"column":9}},"57":{"start":{"line":100,"column":12},"end":{"line":100,"column":32}},"58":{"start":{"line":104,"column":4},"end":{"line":104,"column":31}},"59":{"start":{"line":107,"column":0},"end":{"line":108,"column":34}},"60":{"start":{"line":108,"column":4},"end":{"line":108,"column":34}}},"fnMap":{"0":{"name":"(anonymous_0)","decl":{"start":{"line":13,"column":4},"end":{"line":13,"column":5}},"loc":{"start":{"line":13,"column":17},"end":{"line":18,"column":5}},"line":13},"1":{"name":"(anonymous_1)","decl":{"start":{"line":20,"column":4},"end":{"line":20,"column":5}},"loc":{"start":{"line":20,"column":16},"end":{"line":32,"column":5}},"line":20},"2":{"name":"(anonymous_2)","decl":{"start":{"line":35,"column":4},"end":{"line":35,"column":5}},"loc":{"start":{"line":35,"column":16},"end":{"line":55,"column":5}},"line":35},"3":{"name":"(anonymous_3)","decl":{"start":{"line":58,"column":4},"end":{"line":58,"column":5}},"loc":{"start":{"line":58,"column":20},"end":{"line":60,"column":5}},"line":58},"4":{"name":"(anonymous_4)","decl":{"start":{"line":63,"column":4},"end":{"line":63,"column":5}},"loc":{"start":{"line":63,"column":14},"end":{"line":73,"column":5}},"line":63},"5":{"name":"generateRandomLevel","decl":{"start":{"line":77,"column":9},"end":{"line":77,"column":28}},"loc":{"start":{"line":77,"column":51},"end":{"line":105,"column":1}},"line":77}},"branchMap":{"0":{"loc":{"start":{"line":23,"column":8},"end":{"line":24,"column":19}},"type":"if","locations":[{"start":{"line":23,"column":8},"end":{"line":24,"column":19}},{"start":{"line":23,"column":8},"end":{"line":24,"column":19}}],"line":23},"1":{"loc":{"start":{"line":40,"column":8},"end":{"line":44,"column":9}},"type":"if","locations":[{"start":{"line":40,"column":8},"end":{"line":44,"column":9}},{"start":{"line":40,"column":8},"end":{"line":44,"column":9}}],"line":40},"2":{"loc":{"start":{"line":46,"column":8},"end":{"line":54,"column":9}},"type":"if","locations":[{"start":{"line":46,"column":8},"end":{"line":54,"column":9}},{"start":{"line":46,"column":8},"end":{"line":54,"column":9}}],"line":46},"3":{"loc":{"start":{"line":83,"column":8},"end":{"line":91,"column":9}},"type":"if","locations":[{"start":{"line":83,"column":8},"end":{"line":91,"column":9}},{"start":{"line":83,"column":8},"end":{"line":91,"column":9}}],"line":83},"4":{"loc":{"start":{"line":87,"column":14},"end":{"line":91,"column":9}},"type":"if","locations":[{"start":{"line":87,"column":14},"end":{"line":91,"column":9}},{"start":{"line":87,"column":14},"end":{"line":91,"column":9}}],"line":87},"5":{"loc":{"start":{"line":87,"column":18},"end":{"line":87,"column":69}},"type":"binary-expr","locations":[{"start":{"line":87,"column":18},"end":{"line":87,"column":43}},{"start":{"line":87,"column":47},"end":{"line":87,"column":69}}],"line":87},"6":{"loc":{"start":{"line":89,"column":14},"end":{"line":91,"column":9}},"type":"if","locations":[{"start":{"line":89,"column":14},"end":{"line":91,"column":9}},{"start":{"line":89,"column":14},"end":{"line":91,"column":9}}],"line":89},"7":{"loc":{"start":{"line":96,"column":8},"end":{"line":101,"column":9}},"type":"if","locations":[{"start":{"line":96,"column":8},"end":{"line":101,"column":9}},{"start":{"line":96,"column":8},"end":{"line":101,"column":9}}],"line":96},"8":{"loc":{"start":{"line":99,"column":14},"end":{"line":101,"column":9}},"type":"if","locations":[{"start":{"line":99,"column":14},"end":{"line":101,"column":9}},{"start":{"line":99,"column":14},"end":{"line":101,"column":9}}],"line":99},"9":{"loc":{"start":{"line":99,"column":17},"end":{"line":99,"column":66}},"type":"binary-expr","locations":[{"start":{"line":99,"column":17},"end":{"line":99,"column":41}},{"start":{"line":99,"column":45},"end":{"line":99,"column":66}}],"line":99},"10":{"loc":{"start":{"line":107,"column":0},"end":{"line":108,"column":34}},"type":"if","locations":[{"start":{"line":107,"column":0},"end":{"line":108,"column":34}},{"start":{"line":107,"column":0},"end":{"line":108,"column":34}}],"line":107}},"s":{"0":1,"1":1,"2":1,"3":1,"4":1,"5":1,"6":1,"7":1,"8":1,"9":0,"10":0,"11":0,"12":0,"13":0,"14":0,"15":0,"16":0,"17":0,"18":0,"19":0,"20":0,"21":0,"22":0,"23":0,"24":0,"25":0,"26":0,"27":0,"28":0,"29":0,"30":0,"31":0,"32":0,"33":0,"34":0,"35":0,"36":0,"37":0,"38":0,"39":0,"40":0,"41":0,"42":0,"43":0,"44":0,"45":0,"46":0,"47":0,"48":0,"49":0,"50":0,"51":0,"52":0,"53":0,"54":0,"55":0,"56":0,"57":0,"58":0,"59":1,"60":1},"f":{"0":1,"1":1,"2":0,"3":0,"4":0,"5":0},"b":{"0":[1,0],"1":[0,0],"2":[0,0],"3":[0,0],"4":[0,0],"5":[0,0],"6":[0,0],"7":[0,0],"8":[0,0],"9":[0,0],"10":[1,0]},"_coverageSchema":"1a1c01bbd47fc00a2c39e90264f33305004495a9","hash":"f37e838b597d59947bbb5cd1fefed28f1f5557f3"}
,"/Users/shailpa/Documents/github/systemT/src/main.js": {"path":"/Users/shailpa/Documents/github/systemT/src/main.js","statementMap":{"0":{"start":{"line":2,"column":12},"end":{"line":2,"column":14}},"1":{"start":{"line":3,"column":16},"end":{"line":3,"column":18}},"2":{"start":{"line":7,"column":0},"end":{"line":33,"column":1}},"3":{"start":{"line":8,"column":4},"end":{"line":8,"column":55}},"4":{"start":{"line":9,"column":4},"end":{"line":9,"column":48}},"5":{"start":{"line":11,"column":4},"end":{"line":11,"column":23}},"6":{"start":{"line":13,"column":4},"end":{"line":23,"column":5}},"7":{"start":{"line":13,"column":18},"end":{"line":13,"column":19}},"8":{"start":{"line":14,"column":18},"end":{"line":14,"column":47}},"9":{"start":{"line":15,"column":8},"end":{"line":15,"column":30}},"10":{"start":{"line":17,"column":16},"end":{"line":17,"column":43}},"11":{"start":{"line":18,"column":8},"end":{"line":18,"column":27}},"12":{"start":{"line":19,"column":8},"end":{"line":19,"column":33}},"13":{"start":{"line":20,"column":8},"end":{"line":20,"column":27}},"14":{"start":{"line":22,"column":8},"end":{"line":22,"column":38}},"15":{"start":{"line":25,"column":15},"end":{"line":25,"column":36}},"16":{"start":{"line":26,"column":4},"end":{"line":26,"column":23}},"17":{"start":{"line":28,"column":4},"end":{"line":30,"column":5}},"18":{"start":{"line":29,"column":8},"end":{"line":29,"column":29}},"19":{"start":{"line":32,"column":4},"end":{"line":32,"column":30}},"20":{"start":{"line":37,"column":4},"end":{"line":37,"column":44}},"21":{"start":{"line":42,"column":15},"end":{"line":42,"column":33}},"22":{"start":{"line":43,"column":13},"end":{"line":43,"column":32}},"23":{"start":{"line":44,"column":24},"end":{"line":44,"column":26}},"24":{"start":{"line":45,"column":4},"end":{"line":46,"column":28}},"25":{"start":{"line":46,"column":8},"end":{"line":46,"column":28}},"26":{"start":{"line":48,"column":4},"end":{"line":53,"column":5}},"27":{"start":{"line":49,"column":8},"end":{"line":49,"column":22}},"28":{"start":{"line":51,"column":8},"end":{"line":51,"column":22}},"29":{"start":{"line":52,"column":8},"end":{"line":52,"column":23}},"30":{"start":{"line":55,"column":4},"end":{"line":55,"column":39}},"31":{"start":{"line":56,"column":4},"end":{"line":56,"column":27}},"32":{"start":{"line":58,"column":19},"end":{"line":58,"column":24}},"33":{"start":{"line":59,"column":4},"end":{"line":62,"column":5}},"34":{"start":{"line":60,"column":8},"end":{"line":60,"column":24}},"35":{"start":{"line":61,"column":8},"end":{"line":61,"column":34}},"36":{"start":{"line":64,"column":4},"end":{"line":66,"column":5}},"37":{"start":{"line":65,"column":8},"end":{"line":65,"column":24}},"38":{"start":{"line":68,"column":4},"end":{"line":70,"column":5}},"39":{"start":{"line":69,"column":8},"end":{"line":69,"column":44}},"40":{"start":{"line":73,"column":4},"end":{"line":76,"column":5}},"41":{"start":{"line":74,"column":8},"end":{"line":74,"column":46}},"42":{"start":{"line":75,"column":8},"end":{"line":75,"column":15}},"43":{"start":{"line":79,"column":4},"end":{"line":82,"column":5}},"44":{"start":{"line":80,"column":8},"end":{"line":80,"column":26}},"45":{"start":{"line":81,"column":8},"end":{"line":81,"column":22}},"46":{"start":{"line":84,"column":4},"end":{"line":91,"column":5}},"47":{"start":{"line":85,"column":8},"end":{"line":89,"column":9}},"48":{"start":{"line":86,"column":12},"end":{"line":86,"column":27}},"49":{"start":{"line":88,"column":12},"end":{"line":88,"column":44}},"50":{"start":{"line":90,"column":8},"end":{"line":90,"column":15}},"51":{"start":{"line":93,"column":4},"end":{"line":96,"column":5}},"52":{"start":{"line":94,"column":8},"end":{"line":94,"column":21}},"53":{"start":{"line":95,"column":8},"end":{"line":95,"column":22}},"54":{"start":{"line":98,"column":4},"end":{"line":101,"column":5}},"55":{"start":{"line":99,"column":8},"end":{"line":99,"column":22}},"56":{"start":{"line":100,"column":8},"end":{"line":100,"column":22}},"57":{"start":{"line":103,"column":4},"end":{"line":105,"column":5}},"58":{"start":{"line":110,"column":18},"end":{"line":110,"column":37}},"59":{"start":{"line":111,"column":4},"end":{"line":131,"column":5}},"60":{"start":{"line":112,"column":8},"end":{"line":112,"column":36}},"61":{"start":{"line":113,"column":8},"end":{"line":130,"column":9}},"62":{"start":{"line":115,"column":12},"end":{"line":121,"column":13}},"63":{"start":{"line":116,"column":16},"end":{"line":116,"column":29}},"64":{"start":{"line":117,"column":16},"end":{"line":117,"column":30}},"65":{"start":{"line":118,"column":18},"end":{"line":121,"column":13}},"66":{"start":{"line":119,"column":16},"end":{"line":119,"column":30}},"67":{"start":{"line":120,"column":16},"end":{"line":120,"column":30}},"68":{"start":{"line":123,"column":14},"end":{"line":130,"column":9}},"69":{"start":{"line":124,"column":24},"end":{"line":124,"column":50}},"70":{"start":{"line":125,"column":12},"end":{"line":125,"column":29}},"71":{"start":{"line":126,"column":12},"end":{"line":126,"column":28}},"72":{"start":{"line":128,"column":24},"end":{"line":128,"column":50}},"73":{"start":{"line":129,"column":12},"end":{"line":129,"column":25}},"74":{"start":{"line":134,"column":4},"end":{"line":134,"column":23}},"75":{"start":{"line":137,"column":4},"end":{"line":138,"column":28}},"76":{"start":{"line":138,"column":8},"end":{"line":138,"column":28}},"77":{"start":{"line":144,"column":13},"end":{"line":144,"column":39}},"78":{"start":{"line":145,"column":4},"end":{"line":145,"column":29}},"79":{"start":{"line":150,"column":16},"end":{"line":150,"column":32}},"80":{"start":{"line":151,"column":4},"end":{"line":151,"column":25}},"81":{"start":{"line":152,"column":4},"end":{"line":152,"column":36}},"82":{"start":{"line":154,"column":4},"end":{"line":154,"column":43}},"83":{"start":{"line":160,"column":4},"end":{"line":160,"column":55}},"84":{"start":{"line":165,"column":4},"end":{"line":165,"column":22}},"85":{"start":{"line":170,"column":0},"end":{"line":177,"column":1}},"86":{"start":{"line":171,"column":4},"end":{"line":174,"column":5}},"87":{"start":{"line":176,"column":4},"end":{"line":176,"column":30}}},"fnMap":{"0":{"name":"init","decl":{"start":{"line":7,"column":25},"end":{"line":7,"column":29}},"loc":{"start":{"line":7,"column":31},"end":{"line":33,"column":1}},"line":7},"1":{"name":"(anonymous_1)","decl":{"start":{"line":28,"column":26},"end":{"line":28,"column":27}},"loc":{"start":{"line":28,"column":36},"end":{"line":30,"column":5}},"line":28},"2":{"name":"getRelativeCell","decl":{"start":{"line":36,"column":9},"end":{"line":36,"column":24}},"loc":{"start":{"line":36,"column":27},"end":{"line":38,"column":1}},"line":36},"3":{"name":"parseNext","decl":{"start":{"line":41,"column":9},"end":{"line":41,"column":18}},"loc":{"start":{"line":41,"column":25},"end":{"line":140,"column":1}},"line":41},"4":{"name":"step","decl":{"start":{"line":143,"column":9},"end":{"line":143,"column":13}},"loc":{"start":{"line":143,"column":15},"end":{"line":146,"column":1}},"line":143},"5":{"name":"submit","decl":{"start":{"line":149,"column":9},"end":{"line":149,"column":15}},"loc":{"start":{"line":149,"column":17},"end":{"line":156,"column":1}},"line":149},"6":{"name":"getRandom","decl":{"start":{"line":159,"column":9},"end":{"line":159,"column":18}},"loc":{"start":{"line":159,"column":23},"end":{"line":161,"column":1}},"line":159},"7":{"name":"showWinState","decl":{"start":{"line":164,"column":9},"end":{"line":164,"column":21}},"loc":{"start":{"line":164,"column":23},"end":{"line":166,"column":1}},"line":164},"8":{"name":"(anonymous_8)","decl":{"start":{"line":176,"column":17},"end":{"line":176,"column":18}},"loc":{"start":{"line":176,"column":28},"end":{"line":176,"column":30}},"line":176}},"branchMap":{"0":{"loc":{"start":{"line":45,"column":4},"end":{"line":46,"column":28}},"type":"if","locations":[{"start":{"line":45,"column":4},"end":{"line":46,"column":28}},{"start":{"line":45,"column":4},"end":{"line":46,"column":28}}],"line":45},"1":{"loc":{"start":{"line":48,"column":4},"end":{"line":53,"column":5}},"type":"if","locations":[{"start":{"line":48,"column":4},"end":{"line":53,"column":5}},{"start":{"line":48,"column":4},"end":{"line":53,"column":5}}],"line":48},"2":{"loc":{"start":{"line":59,"column":4},"end":{"line":62,"column":5}},"type":"if","locations":[{"start":{"line":59,"column":4},"end":{"line":62,"column":5}},{"start":{"line":59,"column":4},"end":{"line":62,"column":5}}],"line":59},"3":{"loc":{"start":{"line":64,"column":4},"end":{"line":66,"column":5}},"type":"if","locations":[{"start":{"line":64,"column":4},"end":{"line":66,"column":5}},{"start":{"line":64,"column":4},"end":{"line":66,"column":5}}],"line":64},"4":{"loc":{"start":{"line":68,"column":4},"end":{"line":70,"column":5}},"type":"if","locations":[{"start":{"line":68,"column":4},"end":{"line":70,"column":5}},{"start":{"line":68,"column":4},"end":{"line":70,"column":5}}],"line":68},"5":{"loc":{"start":{"line":73,"column":4},"end":{"line":76,"column":5}},"type":"if","locations":[{"start":{"line":73,"column":4},"end":{"line":76,"column":5}},{"start":{"line":73,"column":4},"end":{"line":76,"column":5}}],"line":73},"6":{"loc":{"start":{"line":79,"column":4},"end":{"line":82,"column":5}},"type":"if","locations":[{"start":{"line":79,"column":4},"end":{"line":82,"column":5}},{"start":{"line":79,"column":4},"end":{"line":82,"column":5}}],"line":79},"7":{"loc":{"start":{"line":84,"column":4},"end":{"line":91,"column":5}},"type":"if","locations":[{"start":{"line":84,"column":4},"end":{"line":91,"column":5}},{"start":{"line":84,"column":4},"end":{"line":91,"column":5}}],"line":84},"8":{"loc":{"start":{"line":85,"column":8},"end":{"line":89,"column":9}},"type":"if","locations":[{"start":{"line":85,"column":8},"end":{"line":89,"column":9}},{"start":{"line":85,"column":8},"end":{"line":89,"column":9}}],"line":85},"9":{"loc":{"start":{"line":93,"column":4},"end":{"line":96,"column":5}},"type":"if","locations":[{"start":{"line":93,"column":4},"end":{"line":96,"column":5}},{"start":{"line":93,"column":4},"end":{"line":96,"column":5}}],"line":93},"10":{"loc":{"start":{"line":93,"column":9},"end":{"line":93,"column":54}},"type":"binary-expr","locations":[{"start":{"line":93,"column":9},"end":{"line":93,"column":23}},{"start":{"line":93,"column":27},"end":{"line":93,"column":54}}],"line":93},"11":{"loc":{"start":{"line":98,"column":4},"end":{"line":101,"column":5}},"type":"if","locations":[{"start":{"line":98,"column":4},"end":{"line":101,"column":5}},{"start":{"line":98,"column":4},"end":{"line":101,"column":5}}],"line":98},"12":{"loc":{"start":{"line":98,"column":9},"end":{"line":98,"column":54}},"type":"binary-expr","locations":[{"start":{"line":98,"column":9},"end":{"line":98,"column":23}},{"start":{"line":98,"column":27},"end":{"line":98,"column":54}}],"line":98},"13":{"loc":{"start":{"line":103,"column":4},"end":{"line":105,"column":5}},"type":"if","locations":[{"start":{"line":103,"column":4},"end":{"line":105,"column":5}},{"start":{"line":103,"column":4},"end":{"line":105,"column":5}}],"line":103},"14":{"loc":{"start":{"line":103,"column":9},"end":{"line":103,"column":41}},"type":"binary-expr","locations":[{"start":{"line":103,"column":9},"end":{"line":103,"column":23}},{"start":{"line":103,"column":27},"end":{"line":103,"column":41}}],"line":103},"15":{"loc":{"start":{"line":111,"column":4},"end":{"line":131,"column":5}},"type":"if","locations":[{"start":{"line":111,"column":4},"end":{"line":131,"column":5}},{"start":{"line":111,"column":4},"end":{"line":131,"column":5}}],"line":111},"16":{"loc":{"start":{"line":111,"column":9},"end":{"line":111,"column":50}},"type":"binary-expr","locations":[{"start":{"line":111,"column":9},"end":{"line":111,"column":23}},{"start":{"line":111,"column":27},"end":{"line":111,"column":41}},{"start":{"line":111,"column":45},"end":{"line":111,"column":50}}],"line":111},"17":{"loc":{"start":{"line":113,"column":8},"end":{"line":130,"column":9}},"type":"if","locations":[{"start":{"line":113,"column":8},"end":{"line":130,"column":9}},{"start":{"line":113,"column":8},"end":{"line":130,"column":9}}],"line":113},"18":{"loc":{"start":{"line":113,"column":13},"end":{"line":113,"column":44}},"type":"binary-expr","locations":[{"start":{"line":113,"column":13},"end":{"line":113,"column":27}},{"start":{"line":113,"column":31},"end":{"line":113,"column":44}}],"line":113},"19":{"loc":{"start":{"line":115,"column":12},"end":{"line":121,"column":13}},"type":"if","locations":[{"start":{"line":115,"column":12},"end":{"line":121,"column":13}},{"start":{"line":115,"column":12},"end":{"line":121,"column":13}}],"line":115},"20":{"loc":{"start":{"line":118,"column":18},"end":{"line":121,"column":13}},"type":"if","locations":[{"start":{"line":118,"column":18},"end":{"line":121,"column":13}},{"start":{"line":118,"column":18},"end":{"line":121,"column":13}}],"line":118},"21":{"loc":{"start":{"line":123,"column":14},"end":{"line":130,"column":9}},"type":"if","locations":[{"start":{"line":123,"column":14},"end":{"line":130,"column":9}},{"start":{"line":123,"column":14},"end":{"line":130,"column":9}}],"line":123},"22":{"loc":{"start":{"line":124,"column":24},"end":{"line":124,"column":50}},"type":"cond-expr","locations":[{"start":{"line":124,"column":40},"end":{"line":124,"column":45}},{"start":{"line":124,"column":48},"end":{"line":124,"column":50}}],"line":124},"23":{"loc":{"start":{"line":128,"column":24},"end":{"line":128,"column":50}},"type":"cond-expr","locations":[{"start":{"line":128,"column":40},"end":{"line":128,"column":45}},{"start":{"line":128,"column":48},"end":{"line":128,"column":50}}],"line":128},"24":{"loc":{"start":{"line":137,"column":4},"end":{"line":138,"column":28}},"type":"if","locations":[{"start":{"line":137,"column":4},"end":{"line":138,"column":28}},{"start":{"line":137,"column":4},"end":{"line":138,"column":28}}],"line":137},"25":{"loc":{"start":{"line":170,"column":0},"end":{"line":177,"column":1}},"type":"if","locations":[{"start":{"line":170,"column":0},"end":{"line":177,"column":1}},{"start":{"line":170,"column":0},"end":{"line":177,"column":1}}],"line":170}},"s":{"0":1,"1":1,"2":1,"3":0,"4":0,"5":0,"6":0,"7":0,"8":0,"9":0,"10":0,"11":0,"12":0,"13":0,"14":0,"15":0,"16":0,"17":0,"18":0,"19":0,"20":30,"21":30,"22":30,"23":30,"24":30,"25":0,"26":30,"27":0,"28":30,"29":30,"30":30,"31":30,"32":30,"33":30,"34":0,"35":0,"36":30,"37":0,"38":30,"39":0,"40":30,"41":0,"42":0,"43":30,"44":4,"45":4,"46":30,"47":0,"48":0,"49":0,"50":0,"51":30,"52":2,"53":2,"54":30,"55":22,"56":22,"57":30,"58":30,"59":30,"60":1,"61":1,"62":0,"63":0,"64":0,"65":0,"66":0,"67":0,"68":1,"69":1,"70":1,"71":1,"72":0,"73":0,"74":30,"75":30,"76":23,"77":0,"78":0,"79":0,"80":0,"81":0,"82":0,"83":0,"84":0,"85":1,"86":1,"87":1},"f":{"0":0,"1":0,"2":30,"3":30,"4":0,"5":0,"6":0,"7":0,"8":29},"b":{"0":[0,30],"1":[0,30],"2":[0,30],"3":[0,30],"4":[0,30],"5":[0,30],"6":[4,26],"7":[0,30],"8":[0,0],"9":[2,28],"10":[30,24],"11":[22,8],"12":[30,24],"13":[1,29],"14":[30,2],"15":[1,29],"16":[30,2,2],"17":[0,1],"18":[1,0],"19":[0,0],"20":[0,0],"21":[1,0],"22":[1,0],"23":[0,0],"24":[23,7],"25":[1,0]},"_coverageSchema":"1a1c01bbd47fc00a2c39e90264f33305004495a9","hash":"4f2866c3c24b208eda1cef26cb1e8cbe2bf16807"}
,"/Users/shailpa/Documents/github/systemT/src/tape.js": {"path":"/Users/shailpa/Documents/github/systemT/src/tape.js","statementMap":{"0":{"start":{"line":9,"column":8},"end":{"line":9,"column":26}},"1":{"start":{"line":10,"column":8},"end":{"line":10,"column":39}},"2":{"start":{"line":11,"column":8},"end":{"line":11,"column":23}},"3":{"start":{"line":12,"column":8},"end":{"line":12,"column":29}},"4":{"start":{"line":14,"column":8},"end":{"line":14,"column":21}},"5":{"start":{"line":15,"column":8},"end":{"line":15,"column":21}},"6":{"start":{"line":21,"column":12},"end":{"line":26,"column":13}},"7":{"start":{"line":22,"column":16},"end":{"line":25,"column":18}},"8":{"start":{"line":28,"column":12},"end":{"line":28,"column":25}},"9":{"start":{"line":31,"column":8},"end":{"line":31,"column":46}},"10":{"start":{"line":36,"column":8},"end":{"line":36,"column":22}},"11":{"start":{"line":38,"column":8},"end":{"line":39,"column":24}},"12":{"start":{"line":39,"column":12},"end":{"line":39,"column":24}},"13":{"start":{"line":44,"column":8},"end":{"line":44,"column":22}},"14":{"start":{"line":46,"column":8},"end":{"line":47,"column":24}},"15":{"start":{"line":47,"column":12},"end":{"line":47,"column":24}},"16":{"start":{"line":52,"column":8},"end":{"line":52,"column":42}},"17":{"start":{"line":57,"column":8},"end":{"line":57,"column":41}},"18":{"start":{"line":62,"column":18},"end":{"line":62,"column":39}},"19":{"start":{"line":63,"column":8},"end":{"line":64,"column":22}},"20":{"start":{"line":64,"column":12},"end":{"line":64,"column":22}},"21":{"start":{"line":66,"column":8},"end":{"line":66,"column":19}},"22":{"start":{"line":71,"column":8},"end":{"line":72,"column":35}},"23":{"start":{"line":71,"column":22},"end":{"line":71,"column":26}},"24":{"start":{"line":72,"column":12},"end":{"line":72,"column":35}},"25":{"start":{"line":78,"column":8},"end":{"line":79,"column":49}},"26":{"start":{"line":78,"column":22},"end":{"line":78,"column":23}},"27":{"start":{"line":79,"column":12},"end":{"line":79,"column":49}},"28":{"start":{"line":83,"column":0},"end":{"line":84,"column":28}},"29":{"start":{"line":84,"column":4},"end":{"line":84,"column":28}}},"fnMap":{"0":{"name":"(anonymous_0)","decl":{"start":{"line":8,"column":4},"end":{"line":8,"column":5}},"loc":{"start":{"line":8,"column":22},"end":{"line":16,"column":5}},"line":8},"1":{"name":"(anonymous_1)","decl":{"start":{"line":19,"column":4},"end":{"line":19,"column":5}},"loc":{"start":{"line":19,"column":15},"end":{"line":32,"column":5}},"line":19},"2":{"name":"replacer","decl":{"start":{"line":20,"column":17},"end":{"line":20,"column":25}},"loc":{"start":{"line":20,"column":37},"end":{"line":29,"column":9}},"line":20},"3":{"name":"(anonymous_3)","decl":{"start":{"line":35,"column":4},"end":{"line":35,"column":5}},"loc":{"start":{"line":35,"column":14},"end":{"line":40,"column":5}},"line":35},"4":{"name":"(anonymous_4)","decl":{"start":{"line":43,"column":4},"end":{"line":43,"column":5}},"loc":{"start":{"line":43,"column":15},"end":{"line":48,"column":5}},"line":43},"5":{"name":"(anonymous_5)","decl":{"start":{"line":51,"column":4},"end":{"line":51,"column":5}},"loc":{"start":{"line":51,"column":19},"end":{"line":53,"column":5}},"line":51},"6":{"name":"(anonymous_6)","decl":{"start":{"line":56,"column":4},"end":{"line":56,"column":5}},"loc":{"start":{"line":56,"column":11},"end":{"line":58,"column":5}},"line":56},"7":{"name":"(anonymous_7)","decl":{"start":{"line":61,"column":4},"end":{"line":61,"column":5}},"loc":{"start":{"line":61,"column":19},"end":{"line":67,"column":5}},"line":61},"8":{"name":"(anonymous_8)","decl":{"start":{"line":70,"column":4},"end":{"line":70,"column":5}},"loc":{"start":{"line":70,"column":17},"end":{"line":74,"column":5}},"line":70},"9":{"name":"(anonymous_9)","decl":{"start":{"line":77,"column":4},"end":{"line":77,"column":5}},"loc":{"start":{"line":77,"column":26},"end":{"line":80,"column":5}},"line":77}},"branchMap":{"0":{"loc":{"start":{"line":21,"column":12},"end":{"line":26,"column":13}},"type":"if","locations":[{"start":{"line":21,"column":12},"end":{"line":26,"column":13}},{"start":{"line":21,"column":12},"end":{"line":26,"column":13}}],"line":21},"1":{"loc":{"start":{"line":38,"column":8},"end":{"line":39,"column":24}},"type":"if","locations":[{"start":{"line":38,"column":8},"end":{"line":39,"column":24}},{"start":{"line":38,"column":8},"end":{"line":39,"column":24}}],"line":38},"2":{"loc":{"start":{"line":46,"column":8},"end":{"line":47,"column":24}},"type":"if","locations":[{"start":{"line":46,"column":8},"end":{"line":47,"column":24}},{"start":{"line":46,"column":8},"end":{"line":47,"column":24}}],"line":46},"3":{"loc":{"start":{"line":63,"column":8},"end":{"line":64,"column":22}},"type":"if","locations":[{"start":{"line":63,"column":8},"end":{"line":64,"column":22}},{"start":{"line":63,"column":8},"end":{"line":64,"column":22}}],"line":63},"4":{"loc":{"start":{"line":83,"column":0},"end":{"line":84,"column":28}},"type":"if","locations":[{"start":{"line":83,"column":0},"end":{"line":84,"column":28}},{"start":{"line":83,"column":0},"end":{"line":84,"column":28}}],"line":83}},"s":{"0":7,"1":7,"2":7,"3":7,"4":7,"5":7,"6":0,"7":0,"8":0,"9":0,"10":22,"11":22,"12":2,"13":42,"14":42,"15":40,"16":9,"17":42,"18":44,"19":44,"20":28,"21":16,"22":0,"23":0,"24":0,"25":0,"26":0,"27":0,"28":2,"29":2},"f":{"0":7,"1":0,"2":0,"3":22,"4":42,"5":9,"6":42,"7":44,"8":0,"9":0},"b":{"0":[0,0],"1":[2,20],"2":[40,2],"3":[28,16],"4":[2,0]},"_coverageSchema":"1a1c01bbd47fc00a2c39e90264f33305004495a9","hash":"2c831b12991e496a97c0d3d3afd4848bd828c0f4"}
,"/Users/shailpa/Documents/github/systemT/src/userInput.js": {"path":"/Users/shailpa/Documents/github/systemT/src/userInput.js","statementMap":{"0":{"start":{"line":8,"column":19},"end":{"line":27,"column":4}},"1":{"start":{"line":9,"column":19},"end":{"line":9,"column":23}},"2":{"start":{"line":12,"column":8},"end":{"line":12,"column":31}},"3":{"start":{"line":15,"column":4},"end":{"line":26,"column":6}},"4":{"start":{"line":17,"column":12},"end":{"line":17,"column":28}},"5":{"start":{"line":21,"column":12},"end":{"line":23,"column":13}},"6":{"start":{"line":22,"column":16},"end":{"line":22,"column":48}},"7":{"start":{"line":24,"column":12},"end":{"line":24,"column":28}},"8":{"start":{"line":33,"column":20},"end":{"line":33,"column":31}},"9":{"start":{"line":34,"column":20},"end":{"line":34,"column":37}},"10":{"start":{"line":36,"column":8},"end":{"line":38,"column":11}},"11":{"start":{"line":37,"column":12},"end":{"line":37,"column":28}},"12":{"start":{"line":40,"column":8},"end":{"line":40,"column":31}},"13":{"start":{"line":41,"column":8},"end":{"line":41,"column":32}},"14":{"start":{"line":42,"column":8},"end":{"line":42,"column":30}},"15":{"start":{"line":43,"column":8},"end":{"line":43,"column":30}},"16":{"start":{"line":45,"column":8},"end":{"line":46,"column":53}},"17":{"start":{"line":45,"column":22},"end":{"line":45,"column":23}},"18":{"start":{"line":46,"column":12},"end":{"line":46,"column":53}},"19":{"start":{"line":52,"column":8},"end":{"line":53,"column":50}},"20":{"start":{"line":52,"column":22},"end":{"line":52,"column":23}},"21":{"start":{"line":53,"column":12},"end":{"line":53,"column":50}},"22":{"start":{"line":57,"column":15},"end":{"line":57,"column":38}},"23":{"start":{"line":61,"column":19},"end":{"line":61,"column":36}},"24":{"start":{"line":62,"column":8},"end":{"line":63,"column":26}},"25":{"start":{"line":63,"column":12},"end":{"line":63,"column":26}},"26":{"start":{"line":65,"column":8},"end":{"line":65,"column":38}},"27":{"start":{"line":70,"column":8},"end":{"line":70,"column":44}},"28":{"start":{"line":71,"column":8},"end":{"line":71,"column":33}},"29":{"start":{"line":76,"column":18},"end":{"line":76,"column":38}},"30":{"start":{"line":77,"column":8},"end":{"line":78,"column":37}},"31":{"start":{"line":78,"column":12},"end":{"line":78,"column":37}},"32":{"start":{"line":80,"column":8},"end":{"line":80,"column":19}},"33":{"start":{"line":86,"column":4},"end":{"line":87,"column":15}},"34":{"start":{"line":87,"column":8},"end":{"line":87,"column":15}},"35":{"start":{"line":89,"column":21},"end":{"line":89,"column":41}},"36":{"start":{"line":90,"column":21},"end":{"line":90,"column":23}},"37":{"start":{"line":91,"column":4},"end":{"line":94,"column":5}},"38":{"start":{"line":92,"column":8},"end":{"line":92,"column":35}},"39":{"start":{"line":93,"column":8},"end":{"line":93,"column":41}},"40":{"start":{"line":96,"column":15},"end":{"line":96,"column":41}},"41":{"start":{"line":97,"column":4},"end":{"line":97,"column":55}},"42":{"start":{"line":101,"column":14},"end":{"line":101,"column":25}},"43":{"start":{"line":102,"column":4},"end":{"line":108,"column":5}},"44":{"start":{"line":103,"column":8},"end":{"line":106,"column":9}},"45":{"start":{"line":104,"column":12},"end":{"line":104,"column":50}},"46":{"start":{"line":105,"column":12},"end":{"line":105,"column":21}},"47":{"start":{"line":107,"column":8},"end":{"line":107,"column":31}},"48":{"start":{"line":109,"column":4},"end":{"line":109,"column":15}},"49":{"start":{"line":114,"column":4},"end":{"line":114,"column":15}},"50":{"start":{"line":115,"column":14},"end":{"line":115,"column":54}},"51":{"start":{"line":116,"column":4},"end":{"line":116,"column":23}},"52":{"start":{"line":117,"column":17},"end":{"line":117,"column":48}},"53":{"start":{"line":119,"column":4},"end":{"line":119,"column":63}},"54":{"start":{"line":121,"column":14},"end":{"line":121,"column":31}},"55":{"start":{"line":122,"column":4},"end":{"line":125,"column":5}},"56":{"start":{"line":124,"column":8},"end":{"line":124,"column":51}},"57":{"start":{"line":127,"column":4},"end":{"line":128,"column":24}},"58":{"start":{"line":128,"column":8},"end":{"line":128,"column":24}},"59":{"start":{"line":132,"column":0},"end":{"line":137,"column":1}},"60":{"start":{"line":133,"column":4},"end":{"line":136,"column":6}}},"fnMap":{"0":{"name":"(anonymous_0)","decl":{"start":{"line":8,"column":20},"end":{"line":8,"column":21}},"loc":{"start":{"line":8,"column":30},"end":{"line":27,"column":1}},"line":8},"1":{"name":"createInstance","decl":{"start":{"line":11,"column":13},"end":{"line":11,"column":27}},"loc":{"start":{"line":11,"column":34},"end":{"line":13,"column":5}},"line":11},"2":{"name":"(anonymous_2)","decl":{"start":{"line":16,"column":16},"end":{"line":16,"column":17}},"loc":{"start":{"line":16,"column":26},"end":{"line":18,"column":9}},"line":16},"3":{"name":"(anonymous_3)","decl":{"start":{"line":20,"column":21},"end":{"line":20,"column":22}},"loc":{"start":{"line":20,"column":42},"end":{"line":25,"column":9}},"line":20},"4":{"name":"(anonymous_4)","decl":{"start":{"line":31,"column":4},"end":{"line":31,"column":5}},"loc":{"start":{"line":31,"column":21},"end":{"line":48,"column":5}},"line":31},"5":{"name":"(anonymous_5)","decl":{"start":{"line":36,"column":30},"end":{"line":36,"column":31}},"loc":{"start":{"line":36,"column":41},"end":{"line":38,"column":9}},"line":36},"6":{"name":"(anonymous_6)","decl":{"start":{"line":51,"column":4},"end":{"line":51,"column":5}},"loc":{"start":{"line":51,"column":15},"end":{"line":54,"column":5}},"line":51},"7":{"name":"(anonymous_7)","decl":{"start":{"line":57,"column":4},"end":{"line":57,"column":5}},"loc":{"start":{"line":57,"column":13},"end":{"line":57,"column":40}},"line":57},"8":{"name":"(anonymous_8)","decl":{"start":{"line":60,"column":4},"end":{"line":60,"column":5}},"loc":{"start":{"line":60,"column":21},"end":{"line":66,"column":5}},"line":60},"9":{"name":"(anonymous_9)","decl":{"start":{"line":69,"column":4},"end":{"line":69,"column":5}},"loc":{"start":{"line":69,"column":32},"end":{"line":72,"column":5}},"line":69},"10":{"name":"(anonymous_10)","decl":{"start":{"line":75,"column":4},"end":{"line":75,"column":5}},"loc":{"start":{"line":75,"column":17},"end":{"line":81,"column":5}},"line":75},"11":{"name":"save","decl":{"start":{"line":85,"column":9},"end":{"line":85,"column":13}},"loc":{"start":{"line":85,"column":15},"end":{"line":98,"column":1}},"line":85},"12":{"name":"rebuildTape","decl":{"start":{"line":100,"column":9},"end":{"line":100,"column":20}},"loc":{"start":{"line":100,"column":26},"end":{"line":110,"column":1}},"line":100},"13":{"name":"load","decl":{"start":{"line":113,"column":9},"end":{"line":113,"column":13}},"loc":{"start":{"line":113,"column":15},"end":{"line":129,"column":1}},"line":113}},"branchMap":{"0":{"loc":{"start":{"line":20,"column":31},"end":{"line":20,"column":40}},"type":"default-arg","locations":[{"start":{"line":20,"column":38},"end":{"line":20,"column":40}}],"line":20},"1":{"loc":{"start":{"line":21,"column":12},"end":{"line":23,"column":13}},"type":"if","locations":[{"start":{"line":21,"column":12},"end":{"line":23,"column":13}},{"start":{"line":21,"column":12},"end":{"line":23,"column":13}}],"line":21},"2":{"loc":{"start":{"line":62,"column":8},"end":{"line":63,"column":26}},"type":"if","locations":[{"start":{"line":62,"column":8},"end":{"line":63,"column":26}},{"start":{"line":62,"column":8},"end":{"line":63,"column":26}}],"line":62},"3":{"loc":{"start":{"line":77,"column":8},"end":{"line":78,"column":37}},"type":"if","locations":[{"start":{"line":77,"column":8},"end":{"line":78,"column":37}},{"start":{"line":77,"column":8},"end":{"line":78,"column":37}}],"line":77},"4":{"loc":{"start":{"line":86,"column":4},"end":{"line":87,"column":15}},"type":"if","locations":[{"start":{"line":86,"column":4},"end":{"line":87,"column":15}},{"start":{"line":86,"column":4},"end":{"line":87,"column":15}}],"line":86},"5":{"loc":{"start":{"line":103,"column":8},"end":{"line":106,"column":9}},"type":"if","locations":[{"start":{"line":103,"column":8},"end":{"line":106,"column":9}},{"start":{"line":103,"column":8},"end":{"line":106,"column":9}}],"line":103},"6":{"loc":{"start":{"line":132,"column":0},"end":{"line":137,"column":1}},"type":"if","locations":[{"start":{"line":132,"column":0},"end":{"line":137,"column":1}},{"start":{"line":132,"column":0},"end":{"line":137,"column":1}}],"line":132}},"s":{"0":1,"1":1,"2":4,"3":1,"4":4,"5":4,"6":4,"7":4,"8":4,"9":4,"10":4,"11":11,"12":4,"13":4,"14":4,"15":4,"16":4,"17":4,"18":11,"19":0,"20":0,"21":0,"22":30,"23":30,"24":30,"25":0,"26":30,"27":0,"28":0,"29":0,"30":0,"31":0,"32":0,"33":0,"34":0,"35":0,"36":0,"37":0,"38":0,"39":0,"40":0,"41":0,"42":0,"43":0,"44":0,"45":0,"46":0,"47":0,"48":0,"49":0,"50":0,"51":0,"52":0,"53":0,"54":0,"55":0,"56":0,"57":0,"58":0,"59":1,"60":1},"f":{"0":1,"1":4,"2":4,"3":4,"4":4,"5":11,"6":0,"7":30,"8":30,"9":0,"10":0,"11":0,"12":0,"13":0},"b":{"0":[0],"1":[4,0],"2":[0,30],"3":[0,0],"4":[0,0],"5":[0,0],"6":[1,0]},"_coverageSchema":"1a1c01bbd47fc00a2c39e90264f33305004495a9","hash":"ae2e5b29c08f90fbdc8020fc851fedbbe19849f6"}
}
