TN:
SF:src/levelLoader.js
FN:13,(anonymous_0)
FN:20,(anonymous_1)
FN:35,(anonymous_2)
FN:58,(anonymous_3)
FN:63,(anonymous_4)
FN:77,generateRandomLevel
FNF:6
FNH:2
FNDA:1,(anonymous_0)
FNDA:1,(anonymous_1)
FNDA:0,(anonymous_2)
FNDA:0,(anonymous_3)
FNDA:0,(anonymous_4)
FNDA:0,generateRandomLevel
DA:2,1
DA:9,1
DA:14,1
DA:15,1
DA:16,1
DA:17,1
DA:21,1
DA:23,1
DA:24,1
DA:26,0
DA:27,0
DA:28,0
DA:29,0
DA:30,0
DA:36,0
DA:37,0
DA:38,0
DA:40,0
DA:41,0
DA:42,0
DA:43,0
DA:46,0
DA:47,0
DA:49,0
DA:50,0
DA:52,0
DA:53,0
DA:59,0
DA:64,0
DA:65,0
DA:67,0
DA:68,0
DA:70,0
DA:71,0
DA:72,0
DA:78,0
DA:79,0
DA:80,0
DA:81,0
DA:82,0
DA:83,0
DA:84,0
DA:86,0
DA:87,0
DA:88,0
DA:89,0
DA:90,0
DA:94,0
DA:95,0
DA:96,0
DA:97,0
DA:98,0
DA:99,0
DA:100,0
DA:104,0
DA:107,1
DA:108,1
LF:57
LH:11
BRDA:23,0,0,1
BRDA:23,0,1,0
BRDA:40,1,0,0
BRDA:40,1,1,0
BRDA:46,2,0,0
BRDA:46,2,1,0
BRDA:83,3,0,0
BRDA:83,3,1,0
BRDA:87,4,0,0
BRDA:87,4,1,0
BRDA:87,5,0,0
BRDA:87,5,1,0
BRDA:89,6,0,0
BRDA:89,6,1,0
BRDA:96,7,0,0
BRDA:96,7,1,0
BRDA:99,8,0,0
BRDA:99,8,1,0
BRDA:99,9,0,0
BRDA:99,9,1,0
BRDA:107,10,0,1
BRDA:107,10,1,0
BRF:22
BRH:2
end_of_record
TN:
SF:src/main.js
FN:7,init
FN:28,(anonymous_1)
FN:36,getRelativeCell
FN:41,parseNext
FN:143,step
FN:149,submit
FN:159,getRandom
FN:164,showWinState
FN:176,(anonymous_8)
FNF:9
FNH:3
FNDA:0,init
FNDA:0,(anonymous_1)
FNDA:30,getRelativeCell
FNDA:30,parseNext
FNDA:0,step
FNDA:0,submit
FNDA:0,getRandom
FNDA:0,showWinState
FNDA:29,(anonymous_8)
DA:2,1
DA:3,1
DA:7,1
DA:8,0
DA:9,0
DA:11,0
DA:13,0
DA:14,0
DA:15,0
DA:17,0
DA:18,0
DA:19,0
DA:20,0
DA:22,0
DA:25,0
DA:26,0
DA:28,0
DA:29,0
DA:32,0
DA:37,30
DA:42,30
DA:43,30
DA:44,30
DA:45,30
DA:46,0
DA:48,30
DA:49,0
DA:51,30
DA:52,30
DA:55,30
DA:56,30
DA:58,30
DA:59,30
DA:60,0
DA:61,0
DA:64,30
DA:65,0
DA:68,30
DA:69,0
DA:73,30
DA:74,0
DA:75,0
DA:79,30
DA:80,4
DA:81,4
DA:84,30
DA:85,0
DA:86,0
DA:88,0
DA:90,0
DA:93,30
DA:94,2
DA:95,2
DA:98,30
DA:99,22
DA:100,22
DA:103,30
DA:110,30
DA:111,30
DA:112,1
DA:113,1
DA:115,0
DA:116,0
DA:117,0
DA:118,0
DA:119,0
DA:120,0
DA:123,1
DA:124,1
DA:125,1
DA:126,1
DA:128,0
DA:129,0
DA:134,30
DA:137,30
DA:138,23
DA:144,0
DA:145,0
DA:150,0
DA:151,0
DA:152,0
DA:154,0
DA:160,0
DA:165,0
DA:170,1
DA:171,1
DA:176,1
LF:87
LH:43
BRDA:45,0,0,0
BRDA:45,0,1,30
BRDA:48,1,0,0
BRDA:48,1,1,30
BRDA:59,2,0,0
BRDA:59,2,1,30
BRDA:64,3,0,0
BRDA:64,3,1,30
BRDA:68,4,0,0
BRDA:68,4,1,30
BRDA:73,5,0,0
BRDA:73,5,1,30
BRDA:79,6,0,4
BRDA:79,6,1,26
BRDA:84,7,0,0
BRDA:84,7,1,30
BRDA:85,8,0,0
BRDA:85,8,1,0
BRDA:93,9,0,2
BRDA:93,9,1,28
BRDA:93,10,0,30
BRDA:93,10,1,24
BRDA:98,11,0,22
BRDA:98,11,1,8
BRDA:98,12,0,30
BRDA:98,12,1,24
BRDA:103,13,0,1
BRDA:103,13,1,29
BRDA:103,14,0,30
BRDA:103,14,1,2
BRDA:111,15,0,1
BRDA:111,15,1,29
BRDA:111,16,0,30
BRDA:111,16,1,2
BRDA:111,16,2,2
BRDA:113,17,0,0
BRDA:113,17,1,1
BRDA:113,18,0,1
BRDA:113,18,1,0
BRDA:115,19,0,0
BRDA:115,19,1,0
BRDA:118,20,0,0
BRDA:118,20,1,0
BRDA:123,21,0,1
BRDA:123,21,1,0
BRDA:124,22,0,1
BRDA:124,22,1,0
BRDA:128,23,0,0
BRDA:128,23,1,0
BRDA:137,24,0,23
BRDA:137,24,1,7
BRDA:170,25,0,1
BRDA:170,25,1,0
BRF:53
BRH:33
end_of_record
TN:
SF:src/tape.js
FN:8,(anonymous_0)
FN:19,(anonymous_1)
FN:20,replacer
FN:35,(anonymous_3)
FN:43,(anonymous_4)
FN:51,(anonymous_5)
FN:56,(anonymous_6)
FN:61,(anonymous_7)
FN:70,(anonymous_8)
FN:77,(anonymous_9)
FNF:10
FNH:6
FNDA:7,(anonymous_0)
FNDA:0,(anonymous_1)
FNDA:0,replacer
FNDA:22,(anonymous_3)
FNDA:42,(anonymous_4)
FNDA:9,(anonymous_5)
FNDA:42,(anonymous_6)
FNDA:44,(anonymous_7)
FNDA:0,(anonymous_8)
FNDA:0,(anonymous_9)
DA:9,7
DA:10,7
DA:11,7
DA:12,7
DA:14,7
DA:15,7
DA:21,0
DA:22,0
DA:28,0
DA:31,0
DA:36,22
DA:38,22
DA:39,2
DA:44,42
DA:46,42
DA:47,40
DA:52,9
DA:57,42
DA:62,44
DA:63,44
DA:64,28
DA:66,16
DA:71,0
DA:72,0
DA:78,0
DA:79,0
DA:83,2
DA:84,2
LF:28
LH:20
BRDA:21,0,0,0
BRDA:21,0,1,0
BRDA:38,1,0,2
BRDA:38,1,1,20
BRDA:46,2,0,40
BRDA:46,2,1,2
BRDA:63,3,0,28
BRDA:63,3,1,16
BRDA:83,4,0,2
BRDA:83,4,1,0
BRF:10
BRH:7
end_of_record
TN:
SF:src/userInput.js
FN:8,(anonymous_0)
FN:11,createInstance
FN:16,(anonymous_2)
FN:20,(anonymous_3)
FN:31,(anonymous_4)
FN:36,(anonymous_5)
FN:51,(anonymous_6)
FN:57,(anonymous_7)
FN:60,(anonymous_8)
FN:69,(anonymous_9)
FN:75,(anonymous_10)
FN:85,save
FN:100,rebuildTape
FN:113,load
FNF:14
FNH:8
FNDA:1,(anonymous_0)
FNDA:4,createInstance
FNDA:4,(anonymous_2)
FNDA:4,(anonymous_3)
FNDA:4,(anonymous_4)
FNDA:11,(anonymous_5)
FNDA:0,(anonymous_6)
FNDA:30,(anonymous_7)
FNDA:30,(anonymous_8)
FNDA:0,(anonymous_9)
FNDA:0,(anonymous_10)
FNDA:0,save
FNDA:0,rebuildTape
FNDA:0,load
DA:8,1
DA:9,1
DA:12,4
DA:15,1
DA:17,4
DA:21,4
DA:22,4
DA:24,4
DA:33,4
DA:34,4
DA:36,4
DA:37,11
DA:40,4
DA:41,4
DA:42,4
DA:43,4
DA:45,4
DA:46,11
DA:52,0
DA:53,0
DA:57,30
DA:61,30
DA:62,30
DA:63,0
DA:65,30
DA:70,0
DA:71,0
DA:76,0
DA:77,0
DA:78,0
DA:80,0
DA:86,0
DA:87,0
DA:89,0
DA:90,0
DA:91,0
DA:92,0
DA:93,0
DA:96,0
DA:97,0
DA:101,0
DA:102,0
DA:103,0
DA:104,0
DA:105,0
DA:107,0
DA:109,0
DA:114,0
DA:115,0
DA:116,0
DA:117,0
DA:119,0
DA:121,0
DA:122,0
DA:124,0
DA:127,0
DA:128,0
DA:132,1
DA:133,1
LF:59
LH:24
BRDA:20,0,0,0
BRDA:21,1,0,4
BRDA:21,1,1,0
BRDA:62,2,0,0
BRDA:62,2,1,30
BRDA:77,3,0,0
BRDA:77,3,1,0
BRDA:86,4,0,0
BRDA:86,4,1,0
BRDA:103,5,0,0
BRDA:103,5,1,0
BRDA:132,6,0,1
BRDA:132,6,1,0
BRF:13
BRH:3
end_of_record
